<?xml version="1.0" encoding="UTF-8"?>
<!-- Generated by org.testng.reporters.JUnitReportReporter -->
<testsuite hostname="LOHLOVSPC14" failures="0" tests="1" name="com.THStest.LoginTest" time="7.286" errors="0" timestamp="1 Apr 2021 14:21:58 GMT">
  <testcase classname="com.THStest.LoginTest" name="test" time="7.286"/>
</testsuite> <!-- com.THStest.LoginTest -->
