<?xml version="1.0" encoding="UTF-8"?>
<!-- Generated by org.testng.reporters.JUnitReportReporter -->
<testsuite hostname="LOHLOVSPC14" name="com.THStest.BasicInformationPageTest" tests="1" failures="0" timestamp="24 Mar 2021 19:54:34 GMT" time="38.477" errors="0">
  <testcase name="verify_BasicinformationPage_ExelData" time="38.477" classname="com.THStest.BasicInformationPageTest"/>
</testsuite> <!-- com.THStest.BasicInformationPageTest -->
