<?xml version="1.0" encoding="UTF-8"?>
<!-- Generated by org.testng.reporters.JUnitReportReporter -->
<testsuite hostname="LOHLOVSPC14" name="com.THStest.HomePageTest" tests="1" failures="0" timestamp="29 Mar 2021 18:38:24 GMT" time="17.080" errors="0">
  <testcase name="Select_THS_State_ExelData" time="17.080" classname="com.THStest.HomePageTest"/>
</testsuite> <!-- com.THStest.HomePageTest -->
