<?xml version="1.0" encoding="UTF-8"?>
<!-- Generated by org.testng.reporters.JUnitReportReporter -->
<testsuite hostname="LOHLOVSPC14" name="com.THStest.HomePageTest" tests="1" failures="0" timestamp="21 Mar 2021 03:26:27 GMT" time="21.103" errors="0">
  <testcase name="Select_THS_State_byDATA" time="21.103" classname="com.THStest.HomePageTest"/>
</testsuite> <!-- com.THStest.HomePageTest -->
