<?xml version="1.0" encoding="UTF-8"?>
<!-- Generated by org.testng.reporters.JUnitReportReporter -->
<testsuite hostname="LOHLOVSPC14" name="com.THStest.BasicInformationPageTest" tests="1" failures="0" timestamp="22 Mar 2021 20:10:47 GMT" time="27.456" errors="0">
  <testcase name="verify_BasicinformationPage_ExelData" time="27.456" classname="com.THStest.BasicInformationPageTest"/>
</testsuite> <!-- com.THStest.BasicInformationPageTest -->
