<?xml version="1.0" encoding="UTF-8"?>
<!-- Generated by org.testng.reporters.JUnitReportReporter -->
<testsuite hostname="LOHLOVSPC14" name="com.THStest.LoginTest" tests="4" failures="0" timestamp="20 Mar 2021 01:15:00 GMT" time="28.014" errors="0">
  <testcase name="performLoginTest_invalidvalues" time="9.072" classname="com.THStest.LoginTest"/>
  <testcase name="performLoginTest_validvalues" time="10.184" classname="com.THStest.LoginTest"/>
  <testcase name="verifyUserNamedisplaying" time="4.334" classname="com.THStest.LoginTest"/>
  <testcase name="verifyLoginPageheaderTest" time="4.424" classname="com.THStest.LoginTest"/>
</testsuite> <!-- com.THStest.LoginTest -->
