<?xml version="1.0" encoding="UTF-8"?>
<!-- Generated by org.testng.reporters.JUnitReportReporter -->
<testsuite hostname="LOHLOVSPC14" name="com.THStest.BasicInformationPageTest" tests="2" failures="0" timestamp="20 Mar 2021 01:15:00 GMT" time="42.836" errors="0">
  <testcase name="verifyBasicinfoPage" time="24.774" classname="com.THStest.BasicInformationPageTest"/>
  <testcase name="verifyBascinformantionLabels" time="18.062" classname="com.THStest.BasicInformationPageTest"/>
</testsuite> <!-- com.THStest.BasicInformationPageTest -->
