<?xml version="1.0" encoding="UTF-8"?>
<!-- Generated by org.testng.reporters.JUnitReportReporter -->
<testsuite hostname="LOHLOVSPC14" name="com.mytest.LoginTest" tests="1" failures="0" timestamp="15 Mar 2021 15:31:10 GMT" time="9.532" errors="0">
  <testcase name="performLoginTest" time="9.532" classname="com.mytest.LoginTest"/>
</testsuite> <!-- com.mytest.LoginTest -->
