<?xml version="1.0" encoding="UTF-8"?>
<!-- Generated by org.testng.reporters.JUnitReportReporter -->
<testsuite hostname="LOHLOVSPC14" name="com.THStest.PortalPageTest" tests="1" failures="0" timestamp="22 Mar 2021 13:10:45 GMT" time="13.205" errors="0">
  <testcase name="performPortalTest" time="13.205" classname="com.THStest.PortalPageTest"/>
</testsuite> <!-- com.THStest.PortalPageTest -->
