<?xml version="1.0" encoding="UTF-8"?>
<!-- Generated by org.testng.reporters.JUnitReportReporter -->
<testsuite hostname="LOHLOVSPC14" name="com.THStest.LoginTest" tests="4" failures="0" timestamp="18 Mar 2021 20:19:52 GMT" time="29.787" errors="0">
  <testcase name="performLoginTest_validvalues" time="12.813" classname="com.THStest.LoginTest"/>
  <testcase name="verifyUserNamedisplaying" time="4.682" classname="com.THStest.LoginTest"/>
  <testcase name="performLoginTest_invalidvalues" time="7.690" classname="com.THStest.LoginTest"/>
  <testcase name="verifyLoginPageheaderTest" time="4.602" classname="com.THStest.LoginTest"/>
</testsuite> <!-- com.THStest.LoginTest -->
