<?xml version="1.0" encoding="UTF-8"?>
<!-- Generated by org.testng.reporters.JUnitReportReporter -->
<testsuite hostname="LOHLOVSPC14" name="com.THStest.DisConnectPageTest" tests="1" failures="0" timestamp="18 Mar 2021 20:19:52 GMT" time="10.500" errors="0">
  <testcase name="performDisconnectsessionTest" time="10.500" classname="com.THStest.DisConnectPageTest"/>
</testsuite> <!-- com.THStest.DisConnectPageTest -->
