<?xml version="1.0" encoding="UTF-8"?>
<!-- Generated by org.testng.reporters.JUnitReportReporter -->
<testsuite hostname="LOHLOVSPC14" name="com.THStest.HomePageTest" tests="7" failures="0" timestamp="20 Mar 2021 01:15:00 GMT" time="105.888" errors="0">
  <testcase name="getHomePageTitleTest" time="13.793" classname="com.THStest.HomePageTest"/>
  <testcase name="verifyTHS_applicableStatesdisplaying" time="14.251" classname="com.THStest.HomePageTest"/>
  <testcase name="verifyMenutabs" time="13.815" classname="com.THStest.HomePageTest"/>
  <testcase name="verifyAgencyOverideTest" time="18.538" classname="com.THStest.HomePageTest"/>
  <testcase name="Select_THS_State_byDATA" time="18.529" classname="com.THStest.HomePageTest"/>
  <testcase name="verifyUserdetails" time="13.571" classname="com.THStest.HomePageTest"/>
  <testcase name="getHomePageheaderTest" time="13.391" classname="com.THStest.HomePageTest"/>
</testsuite> <!-- com.THStest.HomePageTest -->
