<?xml version="1.0" encoding="UTF-8"?>
<!-- Generated by org.testng.reporters.JUnitReportReporter -->
<testsuite hostname="LOHLOVSPC14" name="com.THStest.PortalPageTest" tests="1" failures="0" timestamp="18 Mar 2021 20:19:52 GMT" time="9.551" errors="0">
  <testcase name="performPortalTest" time="9.551" classname="com.THStest.PortalPageTest"/>
</testsuite> <!-- com.THStest.PortalPageTest -->
