<?xml version="1.0" encoding="UTF-8"?>
<!-- Generated by org.testng.reporters.JUnitReportReporter -->
<testsuite hostname="LOHLOVSPC14" name="com.THStest.BasicInformationPageTest" tests="1" failures="0" timestamp="21 Mar 2021 04:29:38 GMT" time="26.034" errors="0">
  <testcase name="verify_BasicinformationPage_ExelData" time="26.034" classname="com.THStest.BasicInformationPageTest"/>
</testsuite> <!-- com.THStest.BasicInformationPageTest -->
