<?xml version="1.0" encoding="UTF-8"?>
<!-- Generated by org.testng.reporters.JUnitReportReporter -->
<testsuite hostname="LOHLOVSPC14" name="com.THStest.DisConnectPageTest" tests="1" failures="0" timestamp="25 Mar 2021 20:04:40 GMT" time="13.195" errors="0">
  <testcase name="performDisconnectsessionTest" time="13.195" classname="com.THStest.DisConnectPageTest"/>
</testsuite> <!-- com.THStest.DisConnectPageTest -->
