<?xml version="1.0" encoding="UTF-8"?>
<!-- Generated by org.testng.reporters.JUnitReportReporter -->
<testsuite hostname="LOHLOVSPC14" name="com.THStest.PortalPageTest" tests="1" failures="0" timestamp="20 Mar 2021 23:57:11 GMT" time="12.217" errors="0">
  <testcase name="verifyportalpageUserPreferencesbuttondisoplaying" time="12.217" classname="com.THStest.PortalPageTest"/>
</testsuite> <!-- com.THStest.PortalPageTest -->
