<?xml version="1.0" encoding="UTF-8"?>
<!-- Generated by org.testng.reporters.JUnitReportReporter -->
<testsuite hostname="LOHLOVSPC14" name="com.THStest.LoginTest" tests="1" failures="0" timestamp="20 Mar 2021 23:43:31 GMT" time="5.450" errors="0">
  <testcase name="verifytowerhillimagedisplayingonLoginPage" time="5.450" classname="com.THStest.LoginTest"/>
</testsuite> <!-- com.THStest.LoginTest -->
