<?xml version="1.0" encoding="UTF-8"?>
<!-- Generated by org.testng.reporters.JUnitReportReporter -->
<testsuite hostname="LOHLOVSPC14" name="com.THStest.PortalPageTest" tests="1" failures="0" timestamp="20 Mar 2021 01:15:00 GMT" time="11.493" errors="0">
  <testcase name="performPortalTest" time="11.493" classname="com.THStest.PortalPageTest"/>
</testsuite> <!-- com.THStest.PortalPageTest -->
