<?xml version="1.0" encoding="UTF-8"?>
<!-- Generated by org.testng.reporters.JUnitReportReporter -->
<testsuite hostname="LOHLOVSPC14" name="com.THStest.DisConnectPageTest" tests="1" failures="0" timestamp="20 Mar 2021 01:15:00 GMT" time="13.989" errors="0">
  <testcase name="performDisconnectsessionTest" time="13.989" classname="com.THStest.DisConnectPageTest"/>
</testsuite> <!-- com.THStest.DisConnectPageTest -->
