<?xml version="1.0" encoding="UTF-8"?>
<!-- Generated by org.testng.reporters.JUnitReportReporter -->
<testsuite hostname="LOHLOVSPC14" name="com.THStest.LoginTest" tests="8" failures="0" timestamp="29 Mar 2021 15:22:58 GMT" time="50.146" errors="0">
  <testcase name="performlogin" time="6.310" classname="com.THStest.LoginTest"/>
  <testcase name="performlogin" time="5.650" classname="com.THStest.LoginTest"/>
  <testcase name="verifytowerhillimagedisplayingonLoginPage" time="3.913" classname="com.THStest.LoginTest"/>
  <testcase name="verifyloginpageTitle" time="4.145" classname="com.THStest.LoginTest"/>
  <testcase name="performLoginTest_validvalues" time="8.984" classname="com.THStest.LoginTest"/>
  <testcase name="performlogin" time="5.716" classname="com.THStest.LoginTest"/>
  <testcase name="verifyLoginPageheaderTest" time="8.045" classname="com.THStest.LoginTest"/>
  <testcase name="performlogin" time="7.383" classname="com.THStest.LoginTest"/>
</testsuite> <!-- com.THStest.LoginTest -->
